2025-02-26 23:09:57,678 - mnist_visualizer - INFO - Starting MNIST Visualizer API server
2025-02-26 23:09:57,703 - werkzeug - INFO -  * Restarting with stat
2025-02-26 23:09:58,016 - mnist_visualizer - INFO - Starting MNIST Visualizer API server
2025-02-26 23:09:58,033 - werkzeug - WARNING -  * Debugger is active!
2025-02-26 23:09:58,033 - werkzeug - INFO -  * Debugger PIN: 626-311-144
2025-02-26 23:09:59,846 - mnist_visualizer - INFO - Client connected to WebSocket
2025-02-26 23:09:59,853 - mnist_visualizer - INFO - Message processed successfully
2025-02-26 23:09:59,854 - mnist_visualizer - INFO - Message processed successfully
2025-02-26 23:09:59,856 - mnist_visualizer - INFO - Message processed successfully
2025-02-26 23:09:59,857 - mnist_visualizer - INFO - Message processed successfully
2025-02-26 23:09:59,857 - mnist_visualizer - INFO - Message processed successfully
2025-02-26 23:09:59,858 - mnist_visualizer - INFO - Message processed successfully
2025-02-26 23:09:59,858 - mnist_visualizer - INFO - Message processed successfully
2025-02-26 23:09:59,858 - mnist_visualizer - INFO - Message processed successfully
2025-02-26 23:09:59,859 - mnist_visualizer - INFO - Message processed successfully
2025-02-26 23:09:59,859 - mnist_visualizer - INFO - Message processed successfully
2025-02-26 23:09:59,859 - mnist_visualizer - INFO - Message processed successfully
2025-02-26 23:09:59,860 - mnist_visualizer - INFO - Message processed successfully
2025-02-26 23:09:59,860 - mnist_visualizer - INFO - Message processed successfully
2025-02-26 23:10:00,653 - mnist_visualizer - INFO - Client connected to WebSocket
2025-02-26 23:10:07,483 - mnist_visualizer - INFO - Message processed successfully
2025-02-26 23:10:08,881 - mnist_visualizer - INFO - Message processed successfully
2025-02-26 23:10:10,883 - mnist_visualizer - INFO - Message processed successfully
2025-02-26 23:12:19,017 - werkzeug - INFO -  * Detected change in '/app/src/utils/logger.py', reloading
2025-02-26 23:12:19,048 - werkzeug - INFO -  * Restarting with stat
2025-02-26 23:12:19,371 - root - INFO - Starting MNIST Visualizer API server
2025-02-26 23:12:19,384 - werkzeug - WARNING -  * Debugger is active!
2025-02-26 23:12:19,384 - werkzeug - INFO -  * Debugger PIN: 626-311-144
2025-02-26 23:12:20,060 - root - INFO - Client connected to WebSocket
2025-02-26 23:12:38,014 - root - INFO - Starting MNIST Visualizer API server
2025-02-26 23:12:38,037 - werkzeug - INFO -  * Restarting with stat
2025-02-26 23:12:38,342 - root - INFO - Starting MNIST Visualizer API server
2025-02-26 23:12:38,354 - werkzeug - WARNING -  * Debugger is active!
2025-02-26 23:12:38,355 - werkzeug - INFO -  * Debugger PIN: 830-741-010
2025-02-26 23:12:39,915 - root - INFO - Client connected to WebSocket
2025-02-26 23:12:46,075 - root - INFO - Message processed successfully
2025-02-26 23:12:51,603 - werkzeug - INFO -  * Detected change in '/app/src/utils/logger.py', reloading
2025-02-26 23:12:51,633 - werkzeug - INFO -  * Restarting with stat
2025-02-26 23:12:51,921 - root - INFO - Starting MNIST Visualizer API server
2025-02-26 23:12:51,932 - werkzeug - WARNING -  * Debugger is active!
2025-02-26 23:12:51,933 - werkzeug - INFO -  * Debugger PIN: 830-741-010
2025-02-26 23:12:53,040 - root - INFO - Client connected to WebSocket
2025-02-26 23:12:54,017 - root - INFO - Message processed successfully
2025-02-26 23:12:55,337 - root - INFO - Message processed successfully
2025-02-26 23:13:06,628 - werkzeug - INFO -  * Detected change in '/app/src/utils/logger.py', reloading
2025-02-26 23:13:06,661 - werkzeug - INFO -  * Restarting with stat
2025-02-26 23:13:07,048 - Backend - INFO - Starting MNIST Visualizer API server
2025-02-26 23:13:07,062 - werkzeug - WARNING -  * Debugger is active!
2025-02-26 23:13:07,062 - werkzeug - INFO -  * Debugger PIN: 830-741-010
2025-02-26 23:13:07,956 - Backend - INFO - Client connected to WebSocket
2025-02-26 23:13:16,210 - Backend - INFO - Message processed successfully
2025-02-26 23:13:58,663 - werkzeug - INFO -  * Detected change in '/app/src/socket_handlers.py', reloading
2025-02-26 23:13:58,713 - werkzeug - INFO -  * Restarting with stat
2025-02-26 23:13:59,565 - Backend - INFO - Starting MNIST Visualizer API server
2025-02-26 23:13:59,595 - werkzeug - WARNING -  * Debugger is active!
2025-02-26 23:13:59,596 - werkzeug - INFO -  * Debugger PIN: 830-741-010
2025-02-26 23:13:59,801 - Backend - INFO - Client connected to WebSocket
2025-02-26 23:14:02,271 - Backend - INFO - Message processed successfully
2025-02-26 23:14:07,051 - werkzeug - INFO -  * Detected change in '/app/src/socket_handlers.py', reloading
2025-02-26 23:14:07,083 - werkzeug - INFO -  * Restarting with stat
2025-02-26 23:14:07,414 - Backend - INFO - Starting MNIST Visualizer API server
2025-02-26 23:14:07,426 - werkzeug - WARNING -  * Debugger is active!
2025-02-26 23:14:07,427 - werkzeug - INFO -  * Debugger PIN: 830-741-010
2025-02-26 23:14:08,275 - Backend - INFO - Client connected to WebSocket
2025-02-26 23:14:10,182 - Backend - INFO - Message processed successfully
2025-02-26 23:14:25,306 - Backend - INFO - Starting MNIST Visualizer API server
2025-02-26 23:14:25,330 - werkzeug - INFO -  * Restarting with stat
2025-02-26 23:14:25,692 - Backend - INFO - Starting MNIST Visualizer API server
2025-02-26 23:14:25,711 - werkzeug - WARNING -  * Debugger is active!
2025-02-26 23:14:25,712 - werkzeug - INFO -  * Debugger PIN: 611-813-246
2025-02-26 23:14:29,681 - Backend - INFO - Client connected to WebSocket
2025-02-26 23:14:29,687 - Backend - INFO - Message processed successfully
2025-02-26 23:14:29,688 - Backend - INFO - Message processed successfully
2025-02-26 23:14:30,845 - Backend - INFO - Message processed successfully
2025-02-26 23:16:37,003 - Backend - INFO - Starting MNIST Visualizer API server
2025-02-26 23:16:37,030 - werkzeug - INFO -  * Restarting with stat
2025-02-26 23:16:37,346 - Backend - INFO - Starting MNIST Visualizer API server
2025-02-26 23:16:37,360 - werkzeug - WARNING -  * Debugger is active!
2025-02-26 23:16:37,361 - werkzeug - INFO -  * Debugger PIN: 654-030-432
2025-02-26 23:16:41,289 - Backend - INFO - Client connected to WebSocket
2025-02-26 23:16:44,850 - Backend - INFO - Message processed successfully
2025-02-26 23:16:48,530 - Backend - INFO - Message processed successfully
2025-02-26 23:16:56,021 - Backend - INFO - Message processed successfully
2025-02-26 23:17:06,896 - Backend - INFO - Client connected to WebSocket
2025-02-26 23:17:15,446 - Backend - INFO - Client connected to WebSocket
2025-02-26 23:17:16,522 - Backend - INFO - Client connected to WebSocket
2025-02-26 23:17:17,228 - Backend - INFO - Client connected to WebSocket
2025-02-26 23:17:34,711 - Backend - INFO - Client connected to WebSocket
2025-02-26 23:19:03,856 - Backend - INFO - Starting MNIST Visualizer API server
2025-02-26 23:19:03,881 - werkzeug - INFO -  * Restarting with stat
2025-02-26 23:19:04,262 - Backend - INFO - Starting MNIST Visualizer API server
2025-02-26 23:19:04,279 - werkzeug - WARNING -  * Debugger is active!
2025-02-26 23:19:04,280 - werkzeug - INFO -  * Debugger PIN: 432-800-394
2025-02-26 23:19:04,450 - Backend - INFO - Client connected to WebSocket
2025-02-26 23:19:11,797 - Backend - INFO - Client connected to WebSocket
2025-02-26 23:19:14,386 - Backend - DEBUG - Received message: {'type': 'text', 'content': 'Hello from the frontend!'}
2025-02-26 23:19:14,386 - Backend - DEBUG - Received message: {'type': 'text', 'content': 'Hello from the frontend!'}
2025-02-26 23:19:14,387 - Backend - INFO - Message processed successfully
2025-02-26 23:19:40,357 - Backend - DEBUG - Received message: {'type': 'text', 'content': 'Hello from the frontend!'}
2025-02-26 23:19:40,357 - Backend - DEBUG - Received message: {'type': 'text', 'content': 'Hello from the frontend!'}
2025-02-26 23:19:40,358 - Backend - INFO - Message processed successfully
2025-02-26 23:19:56,365 - werkzeug - INFO -  * Detected change in '/app/src/app.py', reloading
2025-02-26 23:19:56,398 - werkzeug - INFO -  * Restarting with stat
2025-02-26 23:19:56,827 - Backend - INFO - Starting MNIST Visualizer API server
2025-02-26 23:19:56,843 - werkzeug - WARNING -  * Debugger is active!
2025-02-26 23:19:56,845 - werkzeug - INFO -  * Debugger PIN: 432-800-394
2025-02-26 23:19:57,785 - Backend - INFO - Client connected to WebSocket
2025-02-26 23:19:58,787 - Backend - DEBUG - Received message: {'type': 'text', 'content': 'Hello from the frontend!'}
2025-02-26 23:19:58,787 - Backend - INFO - Message processed successfully
2025-02-26 23:20:27,397 - werkzeug - INFO -  * Detected change in '/app/src/app.py', reloading
2025-02-26 23:20:27,432 - werkzeug - INFO -  * Restarting with stat
2025-02-26 23:20:27,718 - Backend - INFO - Starting MNIST Visualizer API server
2025-02-26 23:20:27,741 - werkzeug - WARNING -  * Debugger is active!
2025-02-26 23:20:27,741 - werkzeug - INFO -  * Debugger PIN: 432-800-394
2025-02-26 23:20:28,925 - Backend - INFO - Client connected to WebSocket
2025-02-26 23:21:51,951 - werkzeug - INFO -  * Detected change in '/app/src/app.py', reloading
2025-02-26 23:21:51,993 - werkzeug - INFO -  * Restarting with stat
2025-02-26 23:22:22,038 - app.js - INFO - [<module>] Starting MNIST Visualizer API server
2025-02-26 23:22:22,070 - werkzeug - INFO -  * Restarting with stat
2025-02-26 23:22:22,446 - app.js - INFO - [<module>] Starting MNIST Visualizer API server
2025-02-26 23:22:22,466 - werkzeug - WARNING -  * Debugger is active!
2025-02-26 23:22:22,466 - werkzeug - INFO -  * Debugger PIN: 108-169-727
2025-02-26 23:22:26,756 - app.js - INFO - [handle_connect] Client connected to WebSocket
2025-02-26 23:22:26,762 - Backend - DEBUG - [handle_message] Received message: {'type': 'text', 'content': 'Hello from the frontend!'}
2025-02-26 23:22:26,763 - app.js - DEBUG - [receive_text] Message processed successfully
2025-02-26 23:23:25,881 - werkzeug - INFO -  * Detected change in '/app/src/utils/logger.py', reloading
2025-02-26 23:23:25,924 - werkzeug - INFO -  * Restarting with stat
2025-02-26 23:23:26,367 - app.js - [<module>] Starting MNIST Visualizer API server
2025-02-26 23:23:26,383 - werkzeug -  * Debugger is active!
2025-02-26 23:23:26,384 - werkzeug -  * Debugger PIN: 108-169-727
2025-02-26 23:23:27,210 - app.js - [handle_connect] Client connected to WebSocket
2025-02-26 23:23:34,939 - werkzeug -  * Detected change in '/app/src/utils/logger.py', reloading
2025-02-26 23:23:34,972 - werkzeug - INFO -  * Restarting with stat
app.js - [<module>] Starting MNIST Visualizer API server
werkzeug -  * Debugger is active!
werkzeug -  * Debugger PIN: 108-169-727
app.js - [handle_connect] Client connected to WebSocket
Backend - [handle_message] Received message: {'type': 'text', 'content': 'Hello from the frontend!'}
app.js - [receive_text] Message processed successfully
Backend - [handle_message] Received message: {'type': 'text', 'content': 'Hello from the frontend!'}
app.js - [receive_text] Message processed successfully
werkzeug -  * Detected change in '/app/src/app.py', reloading
2025-02-26 23:23:55,012 - werkzeug - INFO -  * Restarting with stat
app.js - [<module>] Starting MNIST Visualizer API server
werkzeug -  * Debugger is active!
werkzeug -  * Debugger PIN: 108-169-727
app.js - [handle_connect] Client connected to WebSocket
werkzeug -  * Detected change in '/app/src/socket_handlers.py', reloading
2025-02-26 23:24:19,226 - werkzeug - INFO -  * Restarting with stat
app.js - [<module>] Starting MNIST Visualizer API server
werkzeug -  * Debugger is active!
werkzeug -  * Debugger PIN: 108-169-727
app.js - [handle_connect] Client connected to WebSocket
werkzeug -  * Detected change in '/app/src/app.py', reloading
2025-02-26 23:24:41,397 - werkzeug - INFO -  * Restarting with stat
app.js - [<module>] Starting MNIST Visualizer API server
werkzeug -  * Debugger is active!
werkzeug -  * Debugger PIN: 108-169-727
app.js - [handle_connect] Client connected to WebSocket
socket_handlers.js - [handle_message] Received message: {'type': 'text', 'content': 'Hello from the frontend!'}
app.js - [receive_text] Message processed successfully
werkzeug -  * Detected change in '/app/src/utils/logger.py', reloading
2025-02-26 23:25:05,424 - werkzeug - INFO -  * Restarting with stat
app.js - [<module>] Starting MNIST Visualizer API server - 
werkzeug -  * Debugger is active! - 
werkzeug -  * Debugger PIN: 108-169-727 - 
app.js - [handle_connect] Client connected to WebSocket - 
socket_handlers.js - [handle_message] Received message: {'type': 'text', 'content': 'Hello from the frontend!'} - 
app.js - [receive_text] Message processed successfully - 
socket_handlers.js - [handle_message] Received message: {'type': 'text', 'content': 'Hello from the frontend!'} - 
app.js - [receive_text] Message processed successfully - 
socket_handlers.js - [handle_message] Received message: {'type': 'text', 'content': 'Hello from the frontend!'} - 
app.js - [receive_text] Message processed successfully - 
werkzeug -  * Detected change in '/app/src/utils/logger.py', reloading - 
2025-02-26 23:25:19,877 - werkzeug - INFO -  * Restarting with stat
app.js - [<module>] Starting MNIST Visualizer API server
werkzeug -  * Debugger is active!
werkzeug -  * Debugger PIN: 108-169-727
app.js - [handle_connect] Client connected to WebSocket
socket_handlers.js - [handle_message] Received message: {'type': 'text', 'content': 'Hello from the frontend!'}
app.js - [receive_text] Message processed successfully
werkzeug -  * Detected change in '/app/src/utils/logger.py', reloading
2025-02-26 23:25:32,781 - werkzeug - INFO -  * Restarting with stat
{app.js} - [<module>] Starting MNIST Visualizer API server
{werkzeug} -  * Debugger is active!
{werkzeug} -  * Debugger PIN: 108-169-727
{app.js} - [handle_connect] Client connected to WebSocket
{socket_handlers.js} - [handle_message] Received message: {'type': 'text', 'content': 'Hello from the frontend!'}
{app.js} - [receive_text] Message processed successfully
{socket_handlers.js} - [handle_message] Received message: {'type': 'text', 'content': 'Hello from the frontend!'}
{app.js} - [receive_text] Message processed successfully
{socket_handlers.js} - [handle_message] Received message: {'type': 'text', 'content': 'Hello from the frontend!'}
{app.js} - [receive_text] Message processed successfully
{socket_handlers.js} - [handle_message] Received message: {'type': 'text', 'content': 'Hello from the frontend!'}
{app.js} - [receive_text] Message processed successfully
{socket_handlers.js} - [handle_message] Received message: {'type': 'text', 'content': 'Hello from the frontend!'}
{app.js} - [receive_text] Message processed successfully
{socket_handlers.js} - [handle_message] Received message: {'type': 'text', 'content': 'Hello from the frontend!'}
{app.js} - [receive_text] Message processed successfully
{socket_handlers.js} - [handle_message] Received message: {'type': 'text', 'content': 'Hello from the frontend!'}
{app.js} - [receive_text] Message processed successfully
{app.js} - [<module>] Starting MNIST Visualizer API server
{werkzeug} -  * Restarting with stat
{app.js} - [<module>] Starting MNIST Visualizer API server
{werkzeug} -  * Debugger is active!
{werkzeug} -  * Debugger PIN: 599-019-147
{app.js} - [handle_connect] Client connected to WebSocket
{socket_handlers.js} - [handle_message] Received message: {'type': 'text', 'content': 'Hello from the frontend!'}
{app.js} - [receive_text] Message processed successfully
{socket_handlers.js} - [handle_message] Received message: {'type': 'text', 'content': 'Hello from the frontend!'}
{app.js} - [receive_text] Message processed successfully
{socket_handlers.js} - [handle_message] Received message: {'type': 'text', 'content': 'Hello from the frontend!'}
{app.js} - [receive_text] Message processed successfully
{socket_handlers.js} - [handle_message] Received message: {'type': 'text', 'content': 'Hello from the frontend!'}
{app.js} - [receive_text] Message processed successfully
